<?xml version="1.0" encoding="UTF-8"?>
<testsuite xmlns:xsi="http://www.w3.org/2001/XMLSchema-instance" xsi:noNamespaceSchemaLocation="https://maven.apache.org/surefire/maven-surefire-plugin/xsd/surefire-test-report.xsd" name="com.blog.BlogApplicationTests" time="4.287" tests="1" errors="0" skipped="0" failures="0">
  <properties>
    <property name="gopherProxySet" value="false"/>
    <property name="awt.toolkit" value="sun.lwawt.macosx.LWCToolkit"/>
    <property name="socksProxyHost" value="127.0.0.1"/>
    <property name="http.proxyHost" value="127.0.0.1"/>
    <property name="java.specification.version" value="1.8"/>
    <property name="file.encoding.pkg" value="sun.io"/>
    <property name="sun.cpu.isalist" value=""/>
    <property name="sun.jnu.encoding" value="UTF-8"/>
    <property name="java.class.path" value="/Users/admin/work/Idea/spcae/Blog/blog/target/test-classes:/Users/admin/work/Idea/spcae/Blog/blog/target/classes:/Users/admin/work/set/apache-maven-3.6.0/Repository/com/atlassian/commonmark/commonmark/0.10.0/commonmark-0.10.0.jar:/Users/admin/work/set/apache-maven-3.6.0/Repository/com/atlassian/commonmark/commonmark-ext-heading-anchor/0.10.0/commonmark-ext-heading-anchor-0.10.0.jar:/Users/admin/work/set/apache-maven-3.6.0/Repository/com/atlassian/commonmark/commonmark-ext-gfm-tables/0.10.0/commonmark-ext-gfm-tables-0.10.0.jar:/Users/admin/work/set/apache-maven-3.6.0/Repository/com/github/pagehelper/pagehelper-spring-boot-starter/1.2.13/pagehelper-spring-boot-starter-1.2.13.jar:/Users/admin/work/set/apache-maven-3.6.0/Repository/org/springframework/boot/spring-boot-starter/2.2.5.RELEASE/spring-boot-starter-2.2.5.RELEASE.jar:/Users/admin/work/set/apache-maven-3.6.0/Repository/org/springframework/boot/spring-boot-starter-logging/2.2.5.RELEASE/spring-boot-starter-logging-2.2.5.RELEASE.jar:/Users/admin/work/set/apache-maven-3.6.0/Repository/ch/qos/logback/logback-classic/1.2.3/logback-classic-1.2.3.jar:/Users/admin/work/set/apache-maven-3.6.0/Repository/ch/qos/logback/logback-core/1.2.3/logback-core-1.2.3.jar:/Users/admin/work/set/apache-maven-3.6.0/Repository/org/apache/logging/log4j/log4j-to-slf4j/2.12.1/log4j-to-slf4j-2.12.1.jar:/Users/admin/work/set/apache-maven-3.6.0/Repository/org/apache/logging/log4j/log4j-api/2.12.1/log4j-api-2.12.1.jar:/Users/admin/work/set/apache-maven-3.6.0/Repository/org/slf4j/jul-to-slf4j/1.7.30/jul-to-slf4j-1.7.30.jar:/Users/admin/work/set/apache-maven-3.6.0/Repository/jakarta/annotation/jakarta.annotation-api/1.3.5/jakarta.annotation-api-1.3.5.jar:/Users/admin/work/set/apache-maven-3.6.0/Repository/org/yaml/snakeyaml/1.25/snakeyaml-1.25.jar:/Users/admin/work/set/apache-maven-3.6.0/Repository/com/github/pagehelper/pagehelper-spring-boot-autoconfigure/1.2.13/pagehelper-spring-boot-autoconfigure-1.2.13.jar:/Users/admin/work/set/apache-maven-3.6.0/Repository/com/github/pagehelper/pagehelper/5.1.11/pagehelper-5.1.11.jar:/Users/admin/work/set/apache-maven-3.6.0/Repository/com/github/jsqlparser/jsqlparser/2.0/jsqlparser-2.0.jar:/Users/admin/work/set/apache-maven-3.6.0/Repository/org/springframework/boot/spring-boot-starter-aop/2.2.5.RELEASE/spring-boot-starter-aop-2.2.5.RELEASE.jar:/Users/admin/work/set/apache-maven-3.6.0/Repository/org/springframework/spring-aop/5.2.4.RELEASE/spring-aop-5.2.4.RELEASE.jar:/Users/admin/work/set/apache-maven-3.6.0/Repository/org/springframework/spring-beans/5.2.4.RELEASE/spring-beans-5.2.4.RELEASE.jar:/Users/admin/work/set/apache-maven-3.6.0/Repository/org/aspectj/aspectjweaver/1.9.5/aspectjweaver-1.9.5.jar:/Users/admin/work/set/apache-maven-3.6.0/Repository/org/springframework/boot/spring-boot-starter-thymeleaf/2.2.5.RELEASE/spring-boot-starter-thymeleaf-2.2.5.RELEASE.jar:/Users/admin/work/set/apache-maven-3.6.0/Repository/org/thymeleaf/thymeleaf-spring5/3.0.11.RELEASE/thymeleaf-spring5-3.0.11.RELEASE.jar:/Users/admin/work/set/apache-maven-3.6.0/Repository/org/thymeleaf/thymeleaf/3.0.11.RELEASE/thymeleaf-3.0.11.RELEASE.jar:/Users/admin/work/set/apache-maven-3.6.0/Repository/org/attoparser/attoparser/2.0.5.RELEASE/attoparser-2.0.5.RELEASE.jar:/Users/admin/work/set/apache-maven-3.6.0/Repository/org/unbescape/unbescape/1.1.6.RELEASE/unbescape-1.1.6.RELEASE.jar:/Users/admin/work/set/apache-maven-3.6.0/Repository/org/slf4j/slf4j-api/1.7.30/slf4j-api-1.7.30.jar:/Users/admin/work/set/apache-maven-3.6.0/Repository/org/thymeleaf/extras/thymeleaf-extras-java8time/3.0.4.RELEASE/thymeleaf-extras-java8time-3.0.4.RELEASE.jar:/Users/admin/work/set/apache-maven-3.6.0/Repository/org/springframework/boot/spring-boot-starter-web/2.2.5.RELEASE/spring-boot-starter-web-2.2.5.RELEASE.jar:/Users/admin/work/set/apache-maven-3.6.0/Repository/org/springframework/boot/spring-boot-starter-json/2.2.5.RELEASE/spring-boot-starter-json-2.2.5.RELEASE.jar:/Users/admin/work/set/apache-maven-3.6.0/Repository/com/fasterxml/jackson/core/jackson-databind/2.10.2/jackson-databind-2.10.2.jar:/Users/admin/work/set/apache-maven-3.6.0/Repository/com/fasterxml/jackson/core/jackson-annotations/2.10.2/jackson-annotations-2.10.2.jar:/Users/admin/work/set/apache-maven-3.6.0/Repository/com/fasterxml/jackson/core/jackson-core/2.10.2/jackson-core-2.10.2.jar:/Users/admin/work/set/apache-maven-3.6.0/Repository/com/fasterxml/jackson/datatype/jackson-datatype-jdk8/2.10.2/jackson-datatype-jdk8-2.10.2.jar:/Users/admin/work/set/apache-maven-3.6.0/Repository/com/fasterxml/jackson/datatype/jackson-datatype-jsr310/2.10.2/jackson-datatype-jsr310-2.10.2.jar:/Users/admin/work/set/apache-maven-3.6.0/Repository/com/fasterxml/jackson/module/jackson-module-parameter-names/2.10.2/jackson-module-parameter-names-2.10.2.jar:/Users/admin/work/set/apache-maven-3.6.0/Repository/org/springframework/boot/spring-boot-starter-tomcat/2.2.5.RELEASE/spring-boot-starter-tomcat-2.2.5.RELEASE.jar:/Users/admin/work/set/apache-maven-3.6.0/Repository/org/apache/tomcat/embed/tomcat-embed-core/9.0.31/tomcat-embed-core-9.0.31.jar:/Users/admin/work/set/apache-maven-3.6.0/Repository/org/apache/tomcat/embed/tomcat-embed-el/9.0.31/tomcat-embed-el-9.0.31.jar:/Users/admin/work/set/apache-maven-3.6.0/Repository/org/apache/tomcat/embed/tomcat-embed-websocket/9.0.31/tomcat-embed-websocket-9.0.31.jar:/Users/admin/work/set/apache-maven-3.6.0/Repository/org/springframework/boot/spring-boot-starter-validation/2.2.5.RELEASE/spring-boot-starter-validation-2.2.5.RELEASE.jar:/Users/admin/work/set/apache-maven-3.6.0/Repository/jakarta/validation/jakarta.validation-api/2.0.2/jakarta.validation-api-2.0.2.jar:/Users/admin/work/set/apache-maven-3.6.0/Repository/org/hibernate/validator/hibernate-validator/6.0.18.Final/hibernate-validator-6.0.18.Final.jar:/Users/admin/work/set/apache-maven-3.6.0/Repository/org/jboss/logging/jboss-logging/3.4.1.Final/jboss-logging-3.4.1.Final.jar:/Users/admin/work/set/apache-maven-3.6.0/Repository/com/fasterxml/classmate/1.5.1/classmate-1.5.1.jar:/Users/admin/work/set/apache-maven-3.6.0/Repository/org/springframework/spring-web/5.2.4.RELEASE/spring-web-5.2.4.RELEASE.jar:/Users/admin/work/set/apache-maven-3.6.0/Repository/org/springframework/spring-webmvc/5.2.4.RELEASE/spring-webmvc-5.2.4.RELEASE.jar:/Users/admin/work/set/apache-maven-3.6.0/Repository/org/springframework/spring-context/5.2.4.RELEASE/spring-context-5.2.4.RELEASE.jar:/Users/admin/work/set/apache-maven-3.6.0/Repository/org/springframework/spring-expression/5.2.4.RELEASE/spring-expression-5.2.4.RELEASE.jar:/Users/admin/work/set/apache-maven-3.6.0/Repository/org/mybatis/spring/boot/mybatis-spring-boot-starter/2.1.1/mybatis-spring-boot-starter-2.1.1.jar:/Users/admin/work/set/apache-maven-3.6.0/Repository/org/springframework/boot/spring-boot-starter-jdbc/2.2.5.RELEASE/spring-boot-starter-jdbc-2.2.5.RELEASE.jar:/Users/admin/work/set/apache-maven-3.6.0/Repository/com/zaxxer/HikariCP/3.4.2/HikariCP-3.4.2.jar:/Users/admin/work/set/apache-maven-3.6.0/Repository/org/springframework/spring-jdbc/5.2.4.RELEASE/spring-jdbc-5.2.4.RELEASE.jar:/Users/admin/work/set/apache-maven-3.6.0/Repository/org/springframework/spring-tx/5.2.4.RELEASE/spring-tx-5.2.4.RELEASE.jar:/Users/admin/work/set/apache-maven-3.6.0/Repository/org/mybatis/spring/boot/mybatis-spring-boot-autoconfigure/2.1.1/mybatis-spring-boot-autoconfigure-2.1.1.jar:/Users/admin/work/set/apache-maven-3.6.0/Repository/org/mybatis/mybatis/3.5.3/mybatis-3.5.3.jar:/Users/admin/work/set/apache-maven-3.6.0/Repository/org/mybatis/mybatis-spring/2.0.3/mybatis-spring-2.0.3.jar:/Users/admin/work/set/apache-maven-3.6.0/Repository/org/springframework/boot/spring-boot-devtools/2.2.5.RELEASE/spring-boot-devtools-2.2.5.RELEASE.jar:/Users/admin/work/set/apache-maven-3.6.0/Repository/org/springframework/boot/spring-boot/2.2.5.RELEASE/spring-boot-2.2.5.RELEASE.jar:/Users/admin/work/set/apache-maven-3.6.0/Repository/org/springframework/boot/spring-boot-autoconfigure/2.2.5.RELEASE/spring-boot-autoconfigure-2.2.5.RELEASE.jar:/Users/admin/work/set/apache-maven-3.6.0/Repository/mysql/mysql-connector-java/8.0.19/mysql-connector-java-8.0.19.jar:/Users/admin/work/set/apache-maven-3.6.0/Repository/org/projectlombok/lombok/1.18.12/lombok-1.18.12.jar:/Users/admin/work/set/apache-maven-3.6.0/Repository/org/springframework/boot/spring-boot-starter-test/2.2.5.RELEASE/spring-boot-starter-test-2.2.5.RELEASE.jar:/Users/admin/work/set/apache-maven-3.6.0/Repository/org/springframework/boot/spring-boot-test/2.2.5.RELEASE/spring-boot-test-2.2.5.RELEASE.jar:/Users/admin/work/set/apache-maven-3.6.0/Repository/org/springframework/boot/spring-boot-test-autoconfigure/2.2.5.RELEASE/spring-boot-test-autoconfigure-2.2.5.RELEASE.jar:/Users/admin/work/set/apache-maven-3.6.0/Repository/com/jayway/jsonpath/json-path/2.4.0/json-path-2.4.0.jar:/Users/admin/work/set/apache-maven-3.6.0/Repository/net/minidev/json-smart/2.3/json-smart-2.3.jar:/Users/admin/work/set/apache-maven-3.6.0/Repository/net/minidev/accessors-smart/1.2/accessors-smart-1.2.jar:/Users/admin/work/set/apache-maven-3.6.0/Repository/org/ow2/asm/asm/5.0.4/asm-5.0.4.jar:/Users/admin/work/set/apache-maven-3.6.0/Repository/jakarta/xml/bind/jakarta.xml.bind-api/2.3.2/jakarta.xml.bind-api-2.3.2.jar:/Users/admin/work/set/apache-maven-3.6.0/Repository/jakarta/activation/jakarta.activation-api/1.2.2/jakarta.activation-api-1.2.2.jar:/Users/admin/work/set/apache-maven-3.6.0/Repository/org/junit/jupiter/junit-jupiter/5.5.2/junit-jupiter-5.5.2.jar:/Users/admin/work/set/apache-maven-3.6.0/Repository/org/junit/jupiter/junit-jupiter-api/5.5.2/junit-jupiter-api-5.5.2.jar:/Users/admin/work/set/apache-maven-3.6.0/Repository/org/apiguardian/apiguardian-api/1.1.0/apiguardian-api-1.1.0.jar:/Users/admin/work/set/apache-maven-3.6.0/Repository/org/opentest4j/opentest4j/1.2.0/opentest4j-1.2.0.jar:/Users/admin/work/set/apache-maven-3.6.0/Repository/org/junit/platform/junit-platform-commons/1.5.2/junit-platform-commons-1.5.2.jar:/Users/admin/work/set/apache-maven-3.6.0/Repository/org/junit/jupiter/junit-jupiter-params/5.5.2/junit-jupiter-params-5.5.2.jar:/Users/admin/work/set/apache-maven-3.6.0/Repository/org/junit/jupiter/junit-jupiter-engine/5.5.2/junit-jupiter-engine-5.5.2.jar:/Users/admin/work/set/apache-maven-3.6.0/Repository/org/junit/platform/junit-platform-engine/1.5.2/junit-platform-engine-1.5.2.jar:/Users/admin/work/set/apache-maven-3.6.0/Repository/org/mockito/mockito-junit-jupiter/3.1.0/mockito-junit-jupiter-3.1.0.jar:/Users/admin/work/set/apache-maven-3.6.0/Repository/org/assertj/assertj-core/3.13.2/assertj-core-3.13.2.jar:/Users/admin/work/set/apache-maven-3.6.0/Repository/org/hamcrest/hamcrest/2.1/hamcrest-2.1.jar:/Users/admin/work/set/apache-maven-3.6.0/Repository/org/mockito/mockito-core/3.1.0/mockito-core-3.1.0.jar:/Users/admin/work/set/apache-maven-3.6.0/Repository/net/bytebuddy/byte-buddy/1.10.8/byte-buddy-1.10.8.jar:/Users/admin/work/set/apache-maven-3.6.0/Repository/net/bytebuddy/byte-buddy-agent/1.10.8/byte-buddy-agent-1.10.8.jar:/Users/admin/work/set/apache-maven-3.6.0/Repository/org/objenesis/objenesis/2.6/objenesis-2.6.jar:/Users/admin/work/set/apache-maven-3.6.0/Repository/org/skyscreamer/jsonassert/1.5.0/jsonassert-1.5.0.jar:/Users/admin/work/set/apache-maven-3.6.0/Repository/com/vaadin/external/google/android-json/0.0.20131108.vaadin1/android-json-0.0.20131108.vaadin1.jar:/Users/admin/work/set/apache-maven-3.6.0/Repository/org/springframework/spring-core/5.2.4.RELEASE/spring-core-5.2.4.RELEASE.jar:/Users/admin/work/set/apache-maven-3.6.0/Repository/org/springframework/spring-jcl/5.2.4.RELEASE/spring-jcl-5.2.4.RELEASE.jar:/Users/admin/work/set/apache-maven-3.6.0/Repository/org/springframework/spring-test/5.2.4.RELEASE/spring-test-5.2.4.RELEASE.jar:/Users/admin/work/set/apache-maven-3.6.0/Repository/org/xmlunit/xmlunit-core/2.6.3/xmlunit-core-2.6.3.jar:"/>
    <property name="https.proxyPort" value="50477"/>
    <property name="java.vm.vendor" value="JetBrains s.r.o"/>
    <property name="sun.arch.data.model" value="64"/>
    <property name="java.vendor.url" value="https://www.jetbrains.com/"/>
    <property name="user.timezone" value=""/>
    <property name="java.vm.specification.version" value="1.8"/>
    <property name="os.name" value="Mac OS X"/>
    <property name="user.country" value="CN"/>
    <property name="sun.java.launcher" value="SUN_STANDARD"/>
    <property name="sun.boot.library.path" value="/Applications/IntelliJ IDEA.app/Contents/jdk/Contents/Home/jre/lib"/>
    <property name="sun.java.command" value="/Users/admin/work/Idea/spcae/Blog/blog/target/surefire/surefirebooter7307556460485562740.jar /Users/admin/work/Idea/spcae/Blog/blog/target/surefire 2021-05-04T10-53-18_266-jvmRun1 surefire7997353999707276770tmp surefire_02012836126927708930tmp"/>
    <property name="http.nonProxyHosts" value="192.168.0.0/16|*.192.168.0.0/16|10.0.0.0/8|*.10.0.0.0/8|172.16.0.0/12|*.172.16.0.0/12|127.0.0.1|localhost|*.localhost|local|*.local|timestamp.apple.com|*.timestamp.apple.com"/>
    <property name="surefire.test.class.path" value="/Users/admin/work/Idea/spcae/Blog/blog/target/test-classes:/Users/admin/work/Idea/spcae/Blog/blog/target/classes:/Users/admin/work/set/apache-maven-3.6.0/Repository/com/atlassian/commonmark/commonmark/0.10.0/commonmark-0.10.0.jar:/Users/admin/work/set/apache-maven-3.6.0/Repository/com/atlassian/commonmark/commonmark-ext-heading-anchor/0.10.0/commonmark-ext-heading-anchor-0.10.0.jar:/Users/admin/work/set/apache-maven-3.6.0/Repository/com/atlassian/commonmark/commonmark-ext-gfm-tables/0.10.0/commonmark-ext-gfm-tables-0.10.0.jar:/Users/admin/work/set/apache-maven-3.6.0/Repository/com/github/pagehelper/pagehelper-spring-boot-starter/1.2.13/pagehelper-spring-boot-starter-1.2.13.jar:/Users/admin/work/set/apache-maven-3.6.0/Repository/org/springframework/boot/spring-boot-starter/2.2.5.RELEASE/spring-boot-starter-2.2.5.RELEASE.jar:/Users/admin/work/set/apache-maven-3.6.0/Repository/org/springframework/boot/spring-boot-starter-logging/2.2.5.RELEASE/spring-boot-starter-logging-2.2.5.RELEASE.jar:/Users/admin/work/set/apache-maven-3.6.0/Repository/ch/qos/logback/logback-classic/1.2.3/logback-classic-1.2.3.jar:/Users/admin/work/set/apache-maven-3.6.0/Repository/ch/qos/logback/logback-core/1.2.3/logback-core-1.2.3.jar:/Users/admin/work/set/apache-maven-3.6.0/Repository/org/apache/logging/log4j/log4j-to-slf4j/2.12.1/log4j-to-slf4j-2.12.1.jar:/Users/admin/work/set/apache-maven-3.6.0/Repository/org/apache/logging/log4j/log4j-api/2.12.1/log4j-api-2.12.1.jar:/Users/admin/work/set/apache-maven-3.6.0/Repository/org/slf4j/jul-to-slf4j/1.7.30/jul-to-slf4j-1.7.30.jar:/Users/admin/work/set/apache-maven-3.6.0/Repository/jakarta/annotation/jakarta.annotation-api/1.3.5/jakarta.annotation-api-1.3.5.jar:/Users/admin/work/set/apache-maven-3.6.0/Repository/org/yaml/snakeyaml/1.25/snakeyaml-1.25.jar:/Users/admin/work/set/apache-maven-3.6.0/Repository/com/github/pagehelper/pagehelper-spring-boot-autoconfigure/1.2.13/pagehelper-spring-boot-autoconfigure-1.2.13.jar:/Users/admin/work/set/apache-maven-3.6.0/Repository/com/github/pagehelper/pagehelper/5.1.11/pagehelper-5.1.11.jar:/Users/admin/work/set/apache-maven-3.6.0/Repository/com/github/jsqlparser/jsqlparser/2.0/jsqlparser-2.0.jar:/Users/admin/work/set/apache-maven-3.6.0/Repository/org/springframework/boot/spring-boot-starter-aop/2.2.5.RELEASE/spring-boot-starter-aop-2.2.5.RELEASE.jar:/Users/admin/work/set/apache-maven-3.6.0/Repository/org/springframework/spring-aop/5.2.4.RELEASE/spring-aop-5.2.4.RELEASE.jar:/Users/admin/work/set/apache-maven-3.6.0/Repository/org/springframework/spring-beans/5.2.4.RELEASE/spring-beans-5.2.4.RELEASE.jar:/Users/admin/work/set/apache-maven-3.6.0/Repository/org/aspectj/aspectjweaver/1.9.5/aspectjweaver-1.9.5.jar:/Users/admin/work/set/apache-maven-3.6.0/Repository/org/springframework/boot/spring-boot-starter-thymeleaf/2.2.5.RELEASE/spring-boot-starter-thymeleaf-2.2.5.RELEASE.jar:/Users/admin/work/set/apache-maven-3.6.0/Repository/org/thymeleaf/thymeleaf-spring5/3.0.11.RELEASE/thymeleaf-spring5-3.0.11.RELEASE.jar:/Users/admin/work/set/apache-maven-3.6.0/Repository/org/thymeleaf/thymeleaf/3.0.11.RELEASE/thymeleaf-3.0.11.RELEASE.jar:/Users/admin/work/set/apache-maven-3.6.0/Repository/org/attoparser/attoparser/2.0.5.RELEASE/attoparser-2.0.5.RELEASE.jar:/Users/admin/work/set/apache-maven-3.6.0/Repository/org/unbescape/unbescape/1.1.6.RELEASE/unbescape-1.1.6.RELEASE.jar:/Users/admin/work/set/apache-maven-3.6.0/Repository/org/slf4j/slf4j-api/1.7.30/slf4j-api-1.7.30.jar:/Users/admin/work/set/apache-maven-3.6.0/Repository/org/thymeleaf/extras/thymeleaf-extras-java8time/3.0.4.RELEASE/thymeleaf-extras-java8time-3.0.4.RELEASE.jar:/Users/admin/work/set/apache-maven-3.6.0/Repository/org/springframework/boot/spring-boot-starter-web/2.2.5.RELEASE/spring-boot-starter-web-2.2.5.RELEASE.jar:/Users/admin/work/set/apache-maven-3.6.0/Repository/org/springframework/boot/spring-boot-starter-json/2.2.5.RELEASE/spring-boot-starter-json-2.2.5.RELEASE.jar:/Users/admin/work/set/apache-maven-3.6.0/Repository/com/fasterxml/jackson/core/jackson-databind/2.10.2/jackson-databind-2.10.2.jar:/Users/admin/work/set/apache-maven-3.6.0/Repository/com/fasterxml/jackson/core/jackson-annotations/2.10.2/jackson-annotations-2.10.2.jar:/Users/admin/work/set/apache-maven-3.6.0/Repository/com/fasterxml/jackson/core/jackson-core/2.10.2/jackson-core-2.10.2.jar:/Users/admin/work/set/apache-maven-3.6.0/Repository/com/fasterxml/jackson/datatype/jackson-datatype-jdk8/2.10.2/jackson-datatype-jdk8-2.10.2.jar:/Users/admin/work/set/apache-maven-3.6.0/Repository/com/fasterxml/jackson/datatype/jackson-datatype-jsr310/2.10.2/jackson-datatype-jsr310-2.10.2.jar:/Users/admin/work/set/apache-maven-3.6.0/Repository/com/fasterxml/jackson/module/jackson-module-parameter-names/2.10.2/jackson-module-parameter-names-2.10.2.jar:/Users/admin/work/set/apache-maven-3.6.0/Repository/org/springframework/boot/spring-boot-starter-tomcat/2.2.5.RELEASE/spring-boot-starter-tomcat-2.2.5.RELEASE.jar:/Users/admin/work/set/apache-maven-3.6.0/Repository/org/apache/tomcat/embed/tomcat-embed-core/9.0.31/tomcat-embed-core-9.0.31.jar:/Users/admin/work/set/apache-maven-3.6.0/Repository/org/apache/tomcat/embed/tomcat-embed-el/9.0.31/tomcat-embed-el-9.0.31.jar:/Users/admin/work/set/apache-maven-3.6.0/Repository/org/apache/tomcat/embed/tomcat-embed-websocket/9.0.31/tomcat-embed-websocket-9.0.31.jar:/Users/admin/work/set/apache-maven-3.6.0/Repository/org/springframework/boot/spring-boot-starter-validation/2.2.5.RELEASE/spring-boot-starter-validation-2.2.5.RELEASE.jar:/Users/admin/work/set/apache-maven-3.6.0/Repository/jakarta/validation/jakarta.validation-api/2.0.2/jakarta.validation-api-2.0.2.jar:/Users/admin/work/set/apache-maven-3.6.0/Repository/org/hibernate/validator/hibernate-validator/6.0.18.Final/hibernate-validator-6.0.18.Final.jar:/Users/admin/work/set/apache-maven-3.6.0/Repository/org/jboss/logging/jboss-logging/3.4.1.Final/jboss-logging-3.4.1.Final.jar:/Users/admin/work/set/apache-maven-3.6.0/Repository/com/fasterxml/classmate/1.5.1/classmate-1.5.1.jar:/Users/admin/work/set/apache-maven-3.6.0/Repository/org/springframework/spring-web/5.2.4.RELEASE/spring-web-5.2.4.RELEASE.jar:/Users/admin/work/set/apache-maven-3.6.0/Repository/org/springframework/spring-webmvc/5.2.4.RELEASE/spring-webmvc-5.2.4.RELEASE.jar:/Users/admin/work/set/apache-maven-3.6.0/Repository/org/springframework/spring-context/5.2.4.RELEASE/spring-context-5.2.4.RELEASE.jar:/Users/admin/work/set/apache-maven-3.6.0/Repository/org/springframework/spring-expression/5.2.4.RELEASE/spring-expression-5.2.4.RELEASE.jar:/Users/admin/work/set/apache-maven-3.6.0/Repository/org/mybatis/spring/boot/mybatis-spring-boot-starter/2.1.1/mybatis-spring-boot-starter-2.1.1.jar:/Users/admin/work/set/apache-maven-3.6.0/Repository/org/springframework/boot/spring-boot-starter-jdbc/2.2.5.RELEASE/spring-boot-starter-jdbc-2.2.5.RELEASE.jar:/Users/admin/work/set/apache-maven-3.6.0/Repository/com/zaxxer/HikariCP/3.4.2/HikariCP-3.4.2.jar:/Users/admin/work/set/apache-maven-3.6.0/Repository/org/springframework/spring-jdbc/5.2.4.RELEASE/spring-jdbc-5.2.4.RELEASE.jar:/Users/admin/work/set/apache-maven-3.6.0/Repository/org/springframework/spring-tx/5.2.4.RELEASE/spring-tx-5.2.4.RELEASE.jar:/Users/admin/work/set/apache-maven-3.6.0/Repository/org/mybatis/spring/boot/mybatis-spring-boot-autoconfigure/2.1.1/mybatis-spring-boot-autoconfigure-2.1.1.jar:/Users/admin/work/set/apache-maven-3.6.0/Repository/org/mybatis/mybatis/3.5.3/mybatis-3.5.3.jar:/Users/admin/work/set/apache-maven-3.6.0/Repository/org/mybatis/mybatis-spring/2.0.3/mybatis-spring-2.0.3.jar:/Users/admin/work/set/apache-maven-3.6.0/Repository/org/springframework/boot/spring-boot-devtools/2.2.5.RELEASE/spring-boot-devtools-2.2.5.RELEASE.jar:/Users/admin/work/set/apache-maven-3.6.0/Repository/org/springframework/boot/spring-boot/2.2.5.RELEASE/spring-boot-2.2.5.RELEASE.jar:/Users/admin/work/set/apache-maven-3.6.0/Repository/org/springframework/boot/spring-boot-autoconfigure/2.2.5.RELEASE/spring-boot-autoconfigure-2.2.5.RELEASE.jar:/Users/admin/work/set/apache-maven-3.6.0/Repository/mysql/mysql-connector-java/8.0.19/mysql-connector-java-8.0.19.jar:/Users/admin/work/set/apache-maven-3.6.0/Repository/org/projectlombok/lombok/1.18.12/lombok-1.18.12.jar:/Users/admin/work/set/apache-maven-3.6.0/Repository/org/springframework/boot/spring-boot-starter-test/2.2.5.RELEASE/spring-boot-starter-test-2.2.5.RELEASE.jar:/Users/admin/work/set/apache-maven-3.6.0/Repository/org/springframework/boot/spring-boot-test/2.2.5.RELEASE/spring-boot-test-2.2.5.RELEASE.jar:/Users/admin/work/set/apache-maven-3.6.0/Repository/org/springframework/boot/spring-boot-test-autoconfigure/2.2.5.RELEASE/spring-boot-test-autoconfigure-2.2.5.RELEASE.jar:/Users/admin/work/set/apache-maven-3.6.0/Repository/com/jayway/jsonpath/json-path/2.4.0/json-path-2.4.0.jar:/Users/admin/work/set/apache-maven-3.6.0/Repository/net/minidev/json-smart/2.3/json-smart-2.3.jar:/Users/admin/work/set/apache-maven-3.6.0/Repository/net/minidev/accessors-smart/1.2/accessors-smart-1.2.jar:/Users/admin/work/set/apache-maven-3.6.0/Repository/org/ow2/asm/asm/5.0.4/asm-5.0.4.jar:/Users/admin/work/set/apache-maven-3.6.0/Repository/jakarta/xml/bind/jakarta.xml.bind-api/2.3.2/jakarta.xml.bind-api-2.3.2.jar:/Users/admin/work/set/apache-maven-3.6.0/Repository/jakarta/activation/jakarta.activation-api/1.2.2/jakarta.activation-api-1.2.2.jar:/Users/admin/work/set/apache-maven-3.6.0/Repository/org/junit/jupiter/junit-jupiter/5.5.2/junit-jupiter-5.5.2.jar:/Users/admin/work/set/apache-maven-3.6.0/Repository/org/junit/jupiter/junit-jupiter-api/5.5.2/junit-jupiter-api-5.5.2.jar:/Users/admin/work/set/apache-maven-3.6.0/Repository/org/apiguardian/apiguardian-api/1.1.0/apiguardian-api-1.1.0.jar:/Users/admin/work/set/apache-maven-3.6.0/Repository/org/opentest4j/opentest4j/1.2.0/opentest4j-1.2.0.jar:/Users/admin/work/set/apache-maven-3.6.0/Repository/org/junit/platform/junit-platform-commons/1.5.2/junit-platform-commons-1.5.2.jar:/Users/admin/work/set/apache-maven-3.6.0/Repository/org/junit/jupiter/junit-jupiter-params/5.5.2/junit-jupiter-params-5.5.2.jar:/Users/admin/work/set/apache-maven-3.6.0/Repository/org/junit/jupiter/junit-jupiter-engine/5.5.2/junit-jupiter-engine-5.5.2.jar:/Users/admin/work/set/apache-maven-3.6.0/Repository/org/junit/platform/junit-platform-engine/1.5.2/junit-platform-engine-1.5.2.jar:/Users/admin/work/set/apache-maven-3.6.0/Repository/org/mockito/mockito-junit-jupiter/3.1.0/mockito-junit-jupiter-3.1.0.jar:/Users/admin/work/set/apache-maven-3.6.0/Repository/org/assertj/assertj-core/3.13.2/assertj-core-3.13.2.jar:/Users/admin/work/set/apache-maven-3.6.0/Repository/org/hamcrest/hamcrest/2.1/hamcrest-2.1.jar:/Users/admin/work/set/apache-maven-3.6.0/Repository/org/mockito/mockito-core/3.1.0/mockito-core-3.1.0.jar:/Users/admin/work/set/apache-maven-3.6.0/Repository/net/bytebuddy/byte-buddy/1.10.8/byte-buddy-1.10.8.jar:/Users/admin/work/set/apache-maven-3.6.0/Repository/net/bytebuddy/byte-buddy-agent/1.10.8/byte-buddy-agent-1.10.8.jar:/Users/admin/work/set/apache-maven-3.6.0/Repository/org/objenesis/objenesis/2.6/objenesis-2.6.jar:/Users/admin/work/set/apache-maven-3.6.0/Repository/org/skyscreamer/jsonassert/1.5.0/jsonassert-1.5.0.jar:/Users/admin/work/set/apache-maven-3.6.0/Repository/com/vaadin/external/google/android-json/0.0.20131108.vaadin1/android-json-0.0.20131108.vaadin1.jar:/Users/admin/work/set/apache-maven-3.6.0/Repository/org/springframework/spring-core/5.2.4.RELEASE/spring-core-5.2.4.RELEASE.jar:/Users/admin/work/set/apache-maven-3.6.0/Repository/org/springframework/spring-jcl/5.2.4.RELEASE/spring-jcl-5.2.4.RELEASE.jar:/Users/admin/work/set/apache-maven-3.6.0/Repository/org/springframework/spring-test/5.2.4.RELEASE/spring-test-5.2.4.RELEASE.jar:/Users/admin/work/set/apache-maven-3.6.0/Repository/org/xmlunit/xmlunit-core/2.6.3/xmlunit-core-2.6.3.jar:"/>
    <property name="sun.cpu.endian" value="little"/>
    <property name="user.home" value="/Users/admin"/>
    <property name="user.language" value="zh"/>
    <property name="java.specification.vendor" value="Oracle Corporation"/>
    <property name="java.home" value="/Applications/IntelliJ IDEA.app/Contents/jdk/Contents/Home/jre"/>
    <property name="basedir" value="/Users/admin/work/Idea/spcae/Blog/blog"/>
    <property name="https.proxyHost" value="127.0.0.1"/>
    <property name="file.separator" value="/"/>
    <property name="line.separator" value="&#10;"/>
    <property name="java.vm.specification.vendor" value="Oracle Corporation"/>
    <property name="java.specification.name" value="Java Platform API Specification"/>
    <property name="java.awt.graphicsenv" value="sun.awt.CGraphicsEnvironment"/>
    <property name="surefire.real.class.path" value="/Users/admin/work/Idea/spcae/Blog/blog/target/surefire/surefirebooter7307556460485562740.jar"/>
    <property name="sun.boot.class.path" value="/Applications/IntelliJ IDEA.app/Contents/jdk/Contents/Home/jre/lib/resources.jar:/Applications/IntelliJ IDEA.app/Contents/jdk/Contents/Home/jre/lib/rt.jar:/Applications/IntelliJ IDEA.app/Contents/jdk/Contents/Home/jre/lib/sunrsasign.jar:/Applications/IntelliJ IDEA.app/Contents/jdk/Contents/Home/jre/lib/jsse.jar:/Applications/IntelliJ IDEA.app/Contents/jdk/Contents/Home/jre/lib/jce.jar:/Applications/IntelliJ IDEA.app/Contents/jdk/Contents/Home/jre/lib/charsets.jar:/Applications/IntelliJ IDEA.app/Contents/jdk/Contents/Home/jre/lib/jfr.jar:/Applications/IntelliJ IDEA.app/Contents/jdk/Contents/Home/jre/classes"/>
    <property name="sun.management.compiler" value="HotSpot 64-Bit Tiered Compilers"/>
    <property name="ftp.nonProxyHosts" value="192.168.0.0/16|*.192.168.0.0/16|10.0.0.0/8|*.10.0.0.0/8|172.16.0.0/12|*.172.16.0.0/12|127.0.0.1|localhost|*.localhost|local|*.local|timestamp.apple.com|*.timestamp.apple.com"/>
    <property name="java.runtime.version" value="1.8.0_152-release-1343-b15"/>
    <property name="user.name" value="admin"/>
    <property name="path.separator" value=":"/>
    <property name="os.version" value="10.15.7"/>
    <property name="java.endorsed.dirs" value="/Applications/IntelliJ IDEA.app/Contents/jdk/Contents/Home/jre/lib/endorsed"/>
    <property name="java.runtime.name" value="OpenJDK Runtime Environment"/>
    <property name="file.encoding" value="UTF-8"/>
    <property name="java.vm.name" value="OpenJDK 64-Bit Server VM"/>
    <property name="localRepository" value="/Users/admin/work/set/apache-maven-3.6.0/Repository"/>
    <property name="java.vendor.url.bug" value="https://youtrack.jetbrains.com"/>
    <property name="java.io.tmpdir" value="/var/folders/kt/l8htzgv50y31x6xrr63cb33h0000gn/T/"/>
    <property name="idea.version" value="2018.3"/>
    <property name="java.version" value="1.8.0_152-release"/>
    <property name="user.dir" value="/Users/admin/work/Idea/spcae/Blog/blog"/>
    <property name="os.arch" value="x86_64"/>
    <property name="socksProxyPort" value="50477"/>
    <property name="java.vm.specification.name" value="Java Virtual Machine Specification"/>
    <property name="java.awt.printerjob" value="sun.lwawt.macosx.CPrinterJob"/>
    <property name="sun.os.patch.level" value="unknown"/>
    <property name="java.library.path" value="/Users/admin/Library/Java/Extensions:/Library/Java/Extensions:/Network/Library/Java/Extensions:/System/Library/Java/Extensions:/usr/lib/java:."/>
    <property name="java.vm.info" value="mixed mode"/>
    <property name="java.vendor" value="JetBrains s.r.o"/>
    <property name="java.vm.version" value="25.152-b15"/>
    <property name="java.ext.dirs" value="/Users/admin/Library/Java/Extensions:/Applications/IntelliJ IDEA.app/Contents/jdk/Contents/Home/jre/lib/ext:/Library/Java/Extensions:/Network/Library/Java/Extensions:/System/Library/Java/Extensions:/usr/lib/java"/>
    <property name="sun.io.unicode.encoding" value="UnicodeBig"/>
    <property name="maven.repo.local" value="/Users/admin/work/set/apache-maven-3.6.0/Repository"/>
    <property name="java.class.version" value="52.0"/>
    <property name="socksNonProxyHosts" value="192.168.0.0/16|*.192.168.0.0/16|10.0.0.0/8|*.10.0.0.0/8|172.16.0.0/12|*.172.16.0.0/12|127.0.0.1|localhost|*.localhost|local|*.local|timestamp.apple.com|*.timestamp.apple.com"/>
    <property name="http.proxyPort" value="50477"/>
  </properties>
  <testcase name="contextLoads" classname="com.blog.BlogApplicationTests" time="0.23"/>
</testsuite>